<?xml version="1.0" encoding="utf-8"?><testsuites name="pytest tests"><testsuite name="pytest" errors="0" failures="4" skipped="0" tests="53" time="400.061" timestamp="2026-06-13T00:44:52.938380+00:00" hostname="runnervm1li68"><testcase classname="tests.test_sim" name="test_tbsim_sim_runs" time="4.295" /><testcase classname="tests.test_sim" name="test_tbsim_demo_runs" time="1.994" /><testcase classname="tests.test_sim" name="test_sim_results_have_expected_series" time="2.997" /><testcase classname="tests.test_sim" name="test_sim_state_counts_match_alive_population" time="2.776" /><testcase classname="tests.test_sim" name="test_sim_invariants_over_full_run" time="2.739" /><testcase classname="tests.test_sim" name="test_sim_reproducible_with_fixed_seed" time="5.471" /><testcase classname="tests.test_sim" name="test_sim_zero_transmission_produces_no_tb_burden" time="2.092" /><testcase classname="tests.test_sim" name="test_sim_produces_epidemic_signal_with_default_pars" time="3.610" /><testcase classname="tests.test_sim" name="test_sim_init_prev_respected" time="0.287" /><testcase classname="tests.test_sim" name="test_sim_prevalence_active_kept_as_n_infectious_over_n_alive" time="2.770" /><testcase classname="tests.test_sim_endemic" name="test_endemic_care_clears_then_reinfects_maintains_prevalence" time="50.148" /><testcase classname="tests.test_sim_endemic" name="test_endemic_care_prevalence_golden_trajectory" time="49.333" /><testcase classname="tests.test_tb" name="test_transition_empty_uids" time="0.209" /><testcase classname="tests.test_tb" name="test_transition_sets_valid_states" time="0.206" /><testcase classname="tests.test_tb" name="test_set_prognoses_sets_state_and_susceptible" time="0.208" /><testcase classname="tests.test_tb" name="test_set_prognoses_empty_uids" time="0.204" /><testcase classname="tests.test_tb" name="test_step_die" time="0.576" /><testcase classname="tests.test_tb" name="test_step_die_empty_uids" time="0.208" /><testcase classname="tests.test_tb" name="test_sim_run_tb" time="0.511" /><testcase classname="tests.test_tb" name="test_init_results_defines_expected_keys" time="0.208" /><testcase classname="tests.test_tb" name="test_finalize_results_cumulative" time="0.360" /><testcase classname="tests.test_tb" name="test_plot_returns_figure" time="1.583" /><testcase classname="tests.test_tb" name="test_state_counts_sum_to_population" time="0.663" /><testcase classname="tests.test_tb" name="test_n_infectious_matches_infectious_states" time="0.499" /><testcase classname="tests.test_tb" name="test_prevalence_active_in_valid_range" time="0.927" /><testcase classname="tests.test_tb" name="test_cumulative_series_non_decreasing" time="0.784" /><testcase classname="tests.test_tb" name="test_new_events_non_negative" time="0.659" /><testcase classname="tests.test_tb" name="test_susceptible_only_cleared_or_never_infected" time="0.507" /><testcase classname="tests.test_tb" name="test_rel_sus_rel_trans_after_step" time="1.601" /><testcase classname="tests.test_tb" name="test_transition_single_destination" time="0.210" /><testcase classname="tests.test_tb" name="test_step_all_susceptible_no_infection_leaves_state_unchanged" time="0.204" /><testcase classname="tests.test_tb" name="test_rr_activation_zero_prevents_progression_to_active" time="0.206" /><testcase classname="tests.test_tb" name="test_zero_beta_no_initial_infection_no_transmission" time="0.348" /><testcase classname="tests.test_tb" name="test_detectable_15_plus_bounds" time="0.511" /><testcase classname="tests.test_tb" name="test_on_treatment_consistent_with_state" time="0.765" /><testcase classname="tests.test_tb" name="test_rr_reinfection_waning" time="1.799" /><testcase classname="tests.test_tb" name="test_rr_reinfection_cleared_from_infection" time="0.669" /><testcase classname="tests.test_tb" name="test_rr_reinfection_rec_from_non_infectious" time="0.211" /><testcase classname="tests.test_tb" name="test_rr_reinfection_treat_from_tx_success" time="0.207" /><testcase classname="tests.test_tb" name="test_higher_beta_higher_prevalence" time="47.178" /><testcase classname="tests.test_tb" name="test_higher_activation_rate_more_active_earlier" time="2.467" /><testcase classname="tests.test_tb" name="test_higher_clearance_rate_lower_prevalence" time="2.663" /><testcase classname="tests.test_tb" name="test_rr_death_multiplicative" time="4.345" /><testcase classname="tests.test_tb" name="test_init_prev_respected" time="0.208" /><testcase classname="tests.test_tb" name="test_init_state_distribution" time="0.965" /><testcase classname="tests.test_tb" name="test_step_die_updates_flags_and_state" time="0.211" /><testcase classname="tests.test_tb" name="test_dead_agents_ejected_from_population" time="2.311" /><testcase classname="tests.test_tb" name="test_coarse_vs_fine_dt_agreement" time="186.420" /><testcase classname="tests.test_tbsim_regressions" name="test_dur_reinfection_protection_accepts_ss_years" time="0.188"><failure message="AttributeError: 'years' object has no attribute 'rvs'">tests/test_tbsim_regressions.py:43: in test_dur_reinfection_protection_accepts_ss_years
    sim.run()
/opt/hostedtoolcache/Python/3.12.13/x64/lib/python3.12/site-packages/starsim/sim.py:515: in run
    self.loop.run(until)
/opt/hostedtoolcache/Python/3.12.13/x64/lib/python3.12/site-packages/starsim/loop.py:270: in run
    f() # Execute the function -- this is where all of Starsim happens!!
    ^^^
/opt/hostedtoolcache/Python/3.12.13/x64/lib/python3.12/site-packages/tbsim/tb.py:323: in step
    self.ti_rr_reinfection_wane[newly_cleared] = self.ti + self.pars.dur_reinfection_protection.rvs(newly_cleared)
                                                           ^^^^^^^^^^^^^^^^^^^^^^^^^^^^^^^^^^^^^^^^
E   AttributeError: 'years' object has no attribute 'rvs'</failure></testcase><testcase classname="tests.test_tbsim_regressions" name="test_sum_all_tb_states_equals_alive_population" time="4.854"><failure message="AssertionError: TBUG-002: sum(all n_{state}) must equal n_alive at every step; found 221 mismatches, first=(0, 2001, 1999, 2)&#10;assert not [(0, 2001, 1999, 2), (3, 1999, 1998, 1), (4, 1998, 1997, 1), (5, 1997, 1996, 1), (10, 1998, 1997, 1), (11, 1998, 1997, 1), ...]">tests/test_tbsim_regressions.py:79: in test_sum_all_tb_states_equals_alive_population
    assert not mismatches, (
E   AssertionError: TBUG-002: sum(all n_{state}) must equal n_alive at every step; found 221 mismatches, first=(0, 2001, 1999, 2)
E   assert not [(0, 2001, 1999, 2), (3, 1999, 1998, 1), (4, 1998, 1997, 1), (5, 1997, 1996, 1), (10, 1998, 1997, 1), (11, 1998, 1997, 1), ...]</failure></testcase><testcase classname="tests.test_tbsim_regressions" name="test_treatment_without_tx_delivery_agents_not_stuck" time="1.655"><failure message="AssertionError: TBUG-003: agents in TREATMENT without TxDelivery must not remain stuck; got 20 still in TREATMENT after a 10-year run&#10;assert 20 == 0">tests/test_tbsim_regressions.py:106: in test_treatment_without_tx_delivery_agents_not_stuck
    assert stuck == 0, (
E   AssertionError: TBUG-003: agents in TREATMENT without TxDelivery must not remain stuck; got 20 still in TREATMENT after a 10-year run
E   assert 20 == 0</failure></testcase><testcase classname="tests.test_tbsim_regressions" name="test_reinfection_protection_skipped_when_rr_cleared_is_one" time="0.214"><failure message="AssertionError: TBUG-004: protection window must not be scheduled when rr_reinfection_cleared=1.0; got 69 agents with finite ti_rr_reinfection_wane&#10;assert 69 == 0&#10; +  where 69 = len(uids([ 0,  1,  2,  3,  4,  5,  6,  7,  8,  9, 10, 11, 12, 13, 15, 16, 17,\n      18, 19, 20, 21, 22, 24, 25, 26, 27, 28, 29, 30, 31, 32, 33, 34, 36,\n      37, 38, 39, 40, 41, 42, 43, 44, 46, 47, 49, 50, 51, 52, 53, 55, 56,\n      57, 58, 59, 60, 61, 62, 63, 66, 68, 69, 70, 72, 73, 74, 75, 76, 77,\n      79]))">tests/test_tbsim_regressions.py:140: in test_reinfection_protection_skipped_when_rr_cleared_is_one
    assert len(scheduled) == 0, (
E   AssertionError: TBUG-004: protection window must not be scheduled when rr_reinfection_cleared=1.0; got 69 agents with finite ti_rr_reinfection_wane
E   assert 69 == 0
E    +  where 69 = len(uids([ 0,  1,  2,  3,  4,  5,  6,  7,  8,  9, 10, 11, 12, 13, 15, 16, 17,\n      18, 19, 20, 21, 22, 24, 25, 26, 27, 28, 29, 30, 31, 32, 33, 34, 36,\n      37, 38, 39, 40, 41, 42, 43, 44, 46, 47, 49, 50, 51, 52, 53, 55, 56,\n      57, 58, 59, 60, 61, 62, 63, 66, 68, 69, 70, 72, 73, 74, 75, 76, 77,\n      79]))</failure></testcase><testcase classname="tests.test_tbsim_regressions" name="test_reinfection_protection_applies_rr_when_rr_cleared_below_one" time="0.208" /></testsuite></testsuites>