<?xml version="1.0" encoding="utf-8"?><testsuites name="pytest tests"><testsuite name="pytest" errors="0" failures="9" skipped="0" tests="72" time="362.702" timestamp="2026-06-13T07:27:29.613333+00:00" hostname="runnervm1li68"><testcase classname="tests.test_interventions" name="test_dx_probability_tables_are_valid" time="0.012" /><testcase classname="tests.test_interventions" name="test_dx_sensitivity_equivalent_classes" time="0.020" /><testcase classname="tests.test_interventions" name="test_dx_delivery_custom_result_state" time="1.845" /><testcase classname="tests.test_interventions" name="test_dx_delivery_coverage_scales_tested_count" time="0.251" /><testcase classname="tests.test_interventions" name="test_health_seeking_requires_symptomatic_agents" time="0.166" /><testcase classname="tests.test_interventions" name="test_tx_product_outcome_partitions" time="0.084" /><testcase classname="tests.test_interventions" name="test_tx_delivery_crn_reproducibility" time="0.519" /><testcase classname="tests.test_interventions" name="test_bcg_rr_modifiers_written" time="0.124" /><testcase classname="tests.test_interventions" name="test_tpt_simple_targets_infection_state" time="0.136" /><testcase classname="tests.test_interventions" name="test_beta_by_year_changes_compound" time="0.414" /><testcase classname="tests.test_scenarios" name="test_full_care_cascade_reduces_tb_mortality" time="5.542" /><testcase classname="tests.test_scenarios" name="test_bcg_prevention_reduces_latent_progression" time="2.205" /><testcase classname="tests.test_scenarios" name="test_tpt_sterilization_reduces_latent_progression" time="2.287" /><testcase classname="tests.test_scenarios" name="test_beta_reduction_lowers_late_incidence" time="7.918" /><testcase classname="tests.test_sim" name="test_tbsim_sim_runs" time="2.132" /><testcase classname="tests.test_sim" name="test_tbsim_demo_runs" time="1.756" /><testcase classname="tests.test_sim" name="test_sim_results_have_expected_series" time="2.452" /><testcase classname="tests.test_sim" name="test_sim_state_counts_match_alive_population" time="2.501" /><testcase classname="tests.test_sim" name="test_sim_invariants_over_full_run" time="2.326" /><testcase classname="tests.test_sim" name="test_sim_reproducible_with_fixed_seed" time="4.428" /><testcase classname="tests.test_sim" name="test_sim_zero_transmission_produces_no_tb_burden" time="1.999" /><testcase classname="tests.test_sim" name="test_sim_produces_epidemic_signal_with_default_pars" time="2.870" /><testcase classname="tests.test_sim" name="test_sim_init_prev_respected" time="0.267" /><testcase classname="tests.test_sim" name="test_sim_prevalence_active_kept_as_n_infectious_over_n_alive" time="2.385" /><testcase classname="tests.test_sim_endemic" name="test_endemic_care_clears_then_reinfects_maintains_prevalence" time="43.686" /><testcase classname="tests.test_sim_endemic" name="test_endemic_care_prevalence_golden_trajectory" time="43.670" /><testcase classname="tests.test_tb" name="test_transition_empty_uids" time="0.195" /><testcase classname="tests.test_tb" name="test_transition_sets_valid_states" time="0.194" /><testcase classname="tests.test_tb" name="test_set_prognoses_sets_state_and_susceptible" time="0.194" /><testcase classname="tests.test_tb" name="test_set_prognoses_empty_uids" time="0.204" /><testcase classname="tests.test_tb" name="test_step_die" time="0.193" /><testcase classname="tests.test_tb" name="test_step_die_empty_uids" time="0.194" /><testcase classname="tests.test_tb" name="test_sim_run_tb" time="0.435" /><testcase classname="tests.test_tb" name="test_init_results_defines_expected_keys" time="0.196" /><testcase classname="tests.test_tb" name="test_finalize_results_cumulative" time="0.314" /><testcase classname="tests.test_tb" name="test_plot_returns_figure" time="1.810" /><testcase classname="tests.test_tb" name="test_state_counts_sum_to_population" time="0.551" /><testcase classname="tests.test_tb" name="test_n_infectious_matches_infectious_states" time="0.434" /><testcase classname="tests.test_tb" name="test_prevalence_active_in_valid_range" time="0.785" /><testcase classname="tests.test_tb" name="test_cumulative_series_non_decreasing" time="0.665" /><testcase classname="tests.test_tb" name="test_new_events_non_negative" time="0.547" /><testcase classname="tests.test_tb" name="test_susceptible_only_cleared_or_never_infected" time="0.427" /><testcase classname="tests.test_tb" name="test_rel_sus_rel_trans_after_step" time="1.316" /><testcase classname="tests.test_tb" name="test_transition_single_destination" time="0.198" /><testcase classname="tests.test_tb" name="test_step_all_susceptible_no_infection_leaves_state_unchanged" time="0.194" /><testcase classname="tests.test_tb" name="test_rr_activation_zero_prevents_progression_to_active" time="0.193" /><testcase classname="tests.test_tb" name="test_zero_beta_no_initial_infection_no_transmission" time="0.294" /><testcase classname="tests.test_tb" name="test_detectable_15_plus_bounds" time="0.431" /><testcase classname="tests.test_tb" name="test_on_treatment_consistent_with_state" time="0.658" /><testcase classname="tests.test_tb" name="test_rr_reinfection_waning" time="1.516" /><testcase classname="tests.test_tb" name="test_rr_reinfection_cleared_from_infection" time="0.198" /><testcase classname="tests.test_tb" name="test_rr_reinfection_rec_from_non_infectious" time="0.194" /><testcase classname="tests.test_tb" name="test_rr_reinfection_treat_from_tx_success" time="0.185" /><testcase classname="tests.test_tb" name="test_higher_beta_higher_prevalence" time="39.899" /><testcase classname="tests.test_tb" name="test_higher_activation_rate_more_active_earlier" time="2.018" /><testcase classname="tests.test_tb" name="test_higher_clearance_rate_lower_prevalence" time="2.203" /><testcase classname="tests.test_tb" name="test_rr_death_multiplicative" time="3.728" /><testcase classname="tests.test_tb" name="test_init_prev_respected" time="0.200" /><testcase classname="tests.test_tb" name="test_init_state_distribution" time="0.831" /><testcase classname="tests.test_tb" name="test_step_die_updates_flags_and_state" time="0.900" /><testcase classname="tests.test_tb" name="test_dead_agents_ejected_from_population" time="1.924" /><testcase classname="tests.test_tb" name="test_coarse_vs_fine_dt_agreement" time="158.231" /><testcase classname="tests.test_tbsim_regressions" name="test_dur_reinfection_protection_accepts_ss_years" time="0.178"><failure message="AttributeError: 'years' object has no attribute 'rvs'">tests/test_tbsim_regressions.py:43: in test_dur_reinfection_protection_accepts_ss_years
    sim.run()
/opt/hostedtoolcache/Python/3.12.13/x64/lib/python3.12/site-packages/starsim/sim.py:515: in run
    self.loop.run(until)
/opt/hostedtoolcache/Python/3.12.13/x64/lib/python3.12/site-packages/starsim/loop.py:270: in run
    f() # Execute the function -- this is where all of Starsim happens!!
    ^^^
/opt/hostedtoolcache/Python/3.12.13/x64/lib/python3.12/site-packages/tbsim/tb.py:323: in step
    self.ti_rr_reinfection_wane[newly_cleared] = self.ti + self.pars.dur_reinfection_protection.rvs(newly_cleared)
                                                           ^^^^^^^^^^^^^^^^^^^^^^^^^^^^^^^^^^^^^^^^
E   AttributeError: 'years' object has no attribute 'rvs'</failure></testcase><testcase classname="tests.test_tbsim_regressions" name="test_sum_all_tb_states_equals_alive_population" time="3.083"><failure message="AssertionError: TBUG-002: sum(all n_{state}) must equal n_alive at every step; found 221 mismatches, first=(0, 2001, 1999, 2)&#10;assert not [(0, 2001, 1999, 2), (3, 1999, 1998, 1), (4, 1998, 1997, 1), (5, 1997, 1996, 1), (10, 1998, 1997, 1), (11, 1998, 1997, 1), ...]">tests/test_tbsim_regressions.py:79: in test_sum_all_tb_states_equals_alive_population
    assert not mismatches, (
E   AssertionError: TBUG-002: sum(all n_{state}) must equal n_alive at every step; found 221 mismatches, first=(0, 2001, 1999, 2)
E   assert not [(0, 2001, 1999, 2), (3, 1999, 1998, 1), (4, 1998, 1997, 1), (5, 1997, 1996, 1), (10, 1998, 1997, 1), (11, 1998, 1997, 1), ...]</failure></testcase><testcase classname="tests.test_tbsim_regressions" name="test_treatment_without_tx_delivery_agents_not_stuck" time="1.397"><failure message="AssertionError: TBUG-003: agents in TREATMENT without TxDelivery must not remain stuck; got 20 still in TREATMENT after a 10-year run&#10;assert 20 == 0">tests/test_tbsim_regressions.py:106: in test_treatment_without_tx_delivery_agents_not_stuck
    assert stuck == 0, (
E   AssertionError: TBUG-003: agents in TREATMENT without TxDelivery must not remain stuck; got 20 still in TREATMENT after a 10-year run
E   assert 20 == 0</failure></testcase><testcase classname="tests.test_tbsim_regressions" name="test_reinfection_protection_skipped_when_rr_cleared_is_one" time="0.199"><failure message="AssertionError: TBUG-004: protection window must not be scheduled when rr_reinfection_cleared=1.0; got 69 agents with finite ti_rr_reinfection_wane&#10;assert 69 == 0&#10; +  where 69 = len(uids([ 0,  1,  2,  3,  4,  5,  6,  7,  8,  9, 10, 11, 12, 13, 15, 16, 17,\n      18, 19, 20, 21, 22, 24, 25, 26, 27, 28, 29, 30, 31, 32, 33, 34, 36,\n      37, 38, 39, 40, 41, 42, 43, 44, 46, 47, 49, 50, 51, 52, 53, 55, 56,\n      57, 58, 59, 60, 61, 62, 63, 66, 68, 69, 70, 72, 73, 74, 75, 76, 77,\n      79]))">tests/test_tbsim_regressions.py:140: in test_reinfection_protection_skipped_when_rr_cleared_is_one
    assert len(scheduled) == 0, (
E   AssertionError: TBUG-004: protection window must not be scheduled when rr_reinfection_cleared=1.0; got 69 agents with finite ti_rr_reinfection_wane
E   assert 69 == 0
E    +  where 69 = len(uids([ 0,  1,  2,  3,  4,  5,  6,  7,  8,  9, 10, 11, 12, 13, 15, 16, 17,\n      18, 19, 20, 21, 22, 24, 25, 26, 27, 28, 29, 30, 31, 32, 33, 34, 36,\n      37, 38, 39, 40, 41, 42, 43, 44, 46, 47, 49, 50, 51, 52, 53, 55, 56,\n      57, 58, 59, 60, 61, 62, 63, 66, 68, 69, 70, 72, 73, 74, 75, 76, 77,\n      79]))</failure></testcase><testcase classname="tests.test_tbsim_regressions" name="test_reinfection_protection_applies_rr_when_rr_cleared_below_one" time="0.197" /><testcase classname="tests.test_tbsim_regressions" name="test_dx_delivery_requires_hsb_sought_care_by_default" time="0.123"><failure message="AssertionError: TBUG-005: DxDelivery default eligibility must require sought_care when no custom eligibility is supplied; got 250 tests without HSB&#10;assert 250 == 0">tests/test_tbsim_regressions.py:202: in test_dx_delivery_requires_hsb_sought_care_by_default
    assert n_tested == 0, (
E   AssertionError: TBUG-005: DxDelivery default eligibility must require sought_care when no custom eligibility is supplied; got 250 tests without HSB
E   assert 250 == 0</failure></testcase><testcase classname="tests.test_tbsim_regressions" name="test_dx_product_administer_works_after_product_initialization" time="0.087"><failure message="starsim.distributions.DistNotInitializedError: ss.choice2d(a=[0 1], p=[[0.909 0.091]&#10; [0.909 0.091]&#10; [0.909 0.091]&#10; [0.909 0.091]&#10; [0.909 0.091]&#10; [0.909 0.091]&#10; [0.909 0.091]&#10; [0.909 0.091]&#10; [0.909 0.091]&#10; [0.909 0.091]], replace=True) has not been initialized; please set strict=False when creating the distribution, or call dist.mock() or dist.init().">tests/test_tbsim_regressions.py:231: in test_dx_product_administer_works_after_product_initialization
    results = product.administer(sim, uids)
              ^^^^^^^^^^^^^^^^^^^^^^^^^^^^^
/opt/hostedtoolcache/Python/3.12.13/x64/lib/python3.12/site-packages/tbsim/interventions/products.py:139: in administer
    results = self.outcome_dist.rvs(temp_uids)
              ^^^^^^^^^^^^^^^^^^^^^^^^^^^^^^^^
/opt/hostedtoolcache/Python/3.12.13/x64/lib/python3.12/site-packages/starsim/distributions.py:871: in rvs
    raise DistNotInitializedError(self)
E   starsim.distributions.DistNotInitializedError: ss.choice2d(a=[0 1], p=[[0.909 0.091]
E    [0.909 0.091]
E    [0.909 0.091]
E    [0.909 0.091]
E    [0.909 0.091]
E    [0.909 0.091]
E    [0.909 0.091]
E    [0.909 0.091]
E    [0.909 0.091]
E    [0.909 0.091]], replace=True) has not been initialized; please set strict=False when creating the distribution, or call dist.mock() or dist.init().</failure></testcase><testcase classname="tests.test_tbsim_regressions" name="test_tx_product_administer_works_after_product_initialization" time="0.086"><failure message="starsim.distributions.DistNotInitializedError: ss.bernoulli(p=0.85) has not been initialized; please set strict=False when creating the distribution, or call dist.mock() or dist.init().">tests/test_tbsim_regressions.py:259: in test_tx_product_administer_works_after_product_initialization
    results = product.administer(sim, uids)
              ^^^^^^^^^^^^^^^^^^^^^^^^^^^^^
/opt/hostedtoolcache/Python/3.12.13/x64/lib/python3.12/site-packages/tbsim/interventions/treatments.py:81: in administer
    adherent, non_adherent = self.pars.p_adherence.filter(uids, both=True)
                             ^^^^^^^^^^^^^^^^^^^^^^^^^^^^^^^^^^^^^^^^^^^^^
/opt/hostedtoolcache/Python/3.12.13/x64/lib/python3.12/site-packages/starsim/distributions.py:1433: in filter
    bools = self.rvs(uids)
            ^^^^^^^^^^^^^^
/opt/hostedtoolcache/Python/3.12.13/x64/lib/python3.12/site-packages/starsim/distributions.py:871: in rvs
    raise DistNotInitializedError(self)
E   starsim.distributions.DistNotInitializedError: ss.bernoulli(p=0.85) has not been initialized; please set strict=False when creating the distribution, or call dist.mock() or dist.init().</failure></testcase><testcase classname="tests.test_tbsim_regressions" name="test_xpert_prior_tb_history_strata_are_explicit" time="0.003"><failure message="AssertionError: TBUG-008: Xpert diagnostic table has no prior-TB-history dimension; columns are ['state', 'result', 'probability', 'age_min', 'age_max']&#10;assert set()">tests/test_tbsim_regressions.py:280: in test_xpert_prior_tb_history_strata_are_explicit
    assert present, (
E   AssertionError: TBUG-008: Xpert diagnostic table has no prior-TB-history dimension; columns are ['state', 'result', 'probability', 'age_min', 'age_max']
E   assert set()</failure></testcase><testcase classname="tests.test_tbsim_regressions" name="test_dr_tb_secondline_outputs_are_separable" time="0.251"><failure message="AssertionError: TBUG-009: SecondLine treatment outcomes are only reported through generic TxDelivery result keys ['cum_failure', 'cum_relapsed', 'cum_success', 'n_failure', 'n_relapsed', 'n_success', 'n_tb_treatment_success', 'n_treated', 'timevec']&#10;assert False">tests/test_tbsim_regressions.py:323: in test_dr_tb_secondline_outputs_are_separable
    assert separable, (
E   AssertionError: TBUG-009: SecondLine treatment outcomes are only reported through generic TxDelivery result keys ['cum_failure', 'cum_relapsed', 'cum_success', 'n_failure', 'n_relapsed', 'n_success', 'n_tb_treatment_success', 'n_treated', 'timevec']
E   assert False</failure></testcase></testsuite></testsuites>